# JRE version: OpenJDK Runtime Environment (11.0.11+9) (build 11.0.11+9-b60-7590822)
# Java VM: OpenJDK 64-Bit Server VM (11.0.11+9-b60-7590822, mixed mode, tiered, compressed oops, g1 gc, windows-amd64)
Heap:
 garbage-first heap   total 428032K, used 344595K [0x0000000080000000, 0x0000000100000000)
  region size 1024K, 73 young (74752K), 8 survivors (8192K)
 Metaspace       used 130709K, capacity 134508K, committed 134604K, reserved 1165312K
  class space    used 16904K, capacity 18370K, committed 18432K, reserved 1048576K
GC Heap History (20 events):
Event: 13.900 GC heap before
{Heap before GC invocations=24 (full 0):
 garbage-first heap   total 358400K, used 217196K [0x0000000080000000, 0x0000000100000000)
  region size 1024K, 17 young (17408K), 5 survivors (5120K)
 Metaspace       used 105443K, capacity 107956K, committed 108108K, reserved 1142784K
  class space    used 13750K, capacity 14714K, committed 14720K, reserved 1048576K
}
Event: 13.920 GC heap after
{Heap after GC invocations=25 (full 0):
 garbage-first heap   total 358400K, used 206361K [0x0000000080000000, 0x0000000100000000)
  region size 1024K, 2 young (2048K), 2 survivors (2048K)
 Metaspace       used 105443K, capacity 107956K, committed 108108K, reserved 1142784K
  class space    used 13750K, capacity 14714K, committed 14720K, reserved 1048576K
}
Event: 14.340 GC heap before
{Heap before GC invocations=25 (full 0):
 garbage-first heap   total 358400K, used 259609K [0x0000000080000000, 0x0000000100000000)
  region size 1024K, 55 young (56320K), 2 survivors (2048K)
 Metaspace       used 106022K, capacity 108550K, committed 108748K, reserved 1142784K
  class space    used 13816K, capacity 14795K, committed 14848K, reserved 1048576K
}
Event: 14.351 GC heap after
{Heap after GC invocations=26 (full 0):
 garbage-first heap   total 358400K, used 211835K [0x0000000080000000, 0x0000000100000000)
  region size 1024K, 7 young (7168K), 7 survivors (7168K)
 Metaspace       used 106022K, capacity 108550K, committed 108748K, reserved 1142784K
  class space    used 13816K, capacity 14795K, committed 14848K, reserved 1048576K
}
Event: 14.766 GC heap before
{Heap before GC invocations=26 (full 0):
 garbage-first heap   total 358400K, used 260987K [0x0000000080000000, 0x0000000100000000)
  region size 1024K, 62 young (63488K), 7 survivors (7168K)
 Metaspace       used 106604K, capacity 109070K, committed 109388K, reserved 1144832K
  class space    used 13885K, capacity 14861K, committed 14976K, reserved 1048576K
}
Event: 14.786 GC heap after
{Heap after GC invocations=27 (full 0):
 garbage-first heap   total 358400K, used 207220K [0x0000000080000000, 0x0000000100000000)
  region size 1024K, 4 young (4096K), 4 survivors (4096K)
 Metaspace       used 106604K, capacity 109070K, committed 109388K, reserved 1144832K
  class space    used 13885K, capacity 14861K, committed 14976K, reserved 1048576K
}
Event: 15.237 GC heap before
{Heap before GC invocations=28 (full 0):
 garbage-first heap   total 358400K, used 275828K [0x0000000080000000, 0x0000000100000000)
  region size 1024K, 65 young (66560K), 4 survivors (4096K)
 Metaspace       used 109038K, capacity 111541K, committed 111692K, reserved 1146880K
  class space    used 14162K, capacity 15145K, committed 15232K, reserved 1048576K
}
Event: 15.253 GC heap after
{Heap after GC invocations=29 (full 0):
 garbage-first heap   total 358400K, used 218582K [0x0000000080000000, 0x0000000100000000)
  region size 1024K, 8 young (8192K), 8 survivors (8192K)
 Metaspace       used 109038K, capacity 111541K, committed 111692K, reserved 1146880K
  class space    used 14162K, capacity 15145K, committed 15232K, reserved 1048576K
}
Event: 15.289 GC heap before
{Heap before GC invocations=29 (full 0):
 garbage-first heap   total 358400K, used 227798K [0x0000000080000000, 0x0000000100000000)
  region size 1024K, 17 young (17408K), 8 survivors (8192K)
 Metaspace       used 109142K, capacity 111697K, committed 111948K, reserved 1146880K
  class space    used 14179K, capacity 15154K, committed 15232K, reserved 1048576K
}
Event: 15.310 GC heap after
{Heap after GC invocations=30 (full 0):
 garbage-first heap   total 428032K, used 205013K [0x0000000080000000, 0x0000000100000000)
  region size 1024K, 1 young (1024K), 1 survivors (1024K)
 Metaspace       used 109142K, capacity 111697K, committed 111948K, reserved 1146880K
  class space    used 14179K, capacity 15154K, committed 15232K, reserved 1048576K
}
Event: 16.256 GC heap before
{Heap before GC invocations=30 (full 0):
 garbage-first heap   total 428032K, used 317653K [0x0000000080000000, 0x0000000100000000)
  region size 1024K, 97 young (99328K), 1 survivors (1024K)
 Metaspace       used 110601K, capacity 113172K, committed 113484K, reserved 1146880K
  class space    used 14373K, capacity 15380K, committed 15488K, reserved 1048576K
}
Event: 16.267 GC heap after
{Heap after GC invocations=31 (full 0):
 garbage-first heap   total 428032K, used 231942K [0x0000000080000000, 0x0000000100000000)
  region size 1024K, 13 young (13312K), 13 survivors (13312K)
 Metaspace       used 110601K, capacity 113172K, committed 113484K, reserved 1146880K
  class space    used 14373K, capacity 15380K, committed 15488K, reserved 1048576K
}
Event: 26.532 GC heap before
{Heap before GC invocations=32 (full 0):
 garbage-first heap   total 428032K, used 348678K [0x0000000080000000, 0x0000000100000000)
  region size 1024K, 101 young (103424K), 13 survivors (13312K)
 Metaspace       used 112531K, capacity 115334K, committed 115532K, reserved 1148928K
  class space    used 14638K, capacity 15724K, committed 15744K, reserved 1048576K
}
Event: 26.543 GC heap after
{Heap after GC invocations=33 (full 0):
 garbage-first heap   total 428032K, used 224488K [0x0000000080000000, 0x0000000100000000)
  region size 1024K, 4 young (4096K), 4 survivors (4096K)
 Metaspace       used 112531K, capacity 115334K, committed 115532K, reserved 1148928K
  class space    used 14638K, capacity 15724K, committed 15744K, reserved 1048576K
}
Event: 29.159 GC heap before
{Heap before GC invocations=33 (full 0):
 garbage-first heap   total 428032K, used 322792K [0x0000000080000000, 0x0000000100000000)
  region size 1024K, 99 young (101376K), 4 survivors (4096K)
 Metaspace       used 121527K, capacity 124576K, committed 124748K, reserved 1157120K
  class space    used 15755K, capacity 16906K, committed 17024K, reserved 1048576K
}
Event: 29.169 GC heap after
{Heap after GC invocations=34 (full 0):
 garbage-first heap   total 428032K, used 231574K [0x0000000080000000, 0x0000000100000000)
  region size 1024K, 9 young (9216K), 9 survivors (9216K)
 Metaspace       used 121527K, capacity 124576K, committed 124748K, reserved 1157120K
  class space    used 15755K, capacity 16906K, committed 17024K, reserved 1048576K
}
Event: 30.024 GC heap before
{Heap before GC invocations=34 (full 0):
 garbage-first heap   total 428032K, used 331926K [0x0000000080000000, 0x0000000100000000)
  region size 1024K, 106 young (108544K), 9 survivors (9216K)
 Metaspace       used 126912K, capacity 130328K, committed 130508K, reserved 1161216K
  class space    used 16498K, capacity 17854K, committed 17920K, reserved 1048576K
}
Event: 30.042 GC heap after
{Heap after GC invocations=35 (full 0):
 garbage-first heap   total 428032K, used 243001K [0x0000000080000000, 0x0000000100000000)
  region size 1024K, 14 young (14336K), 14 survivors (14336K)
 Metaspace       used 126912K, capacity 130328K, committed 130508K, reserved 1161216K
  class space    used 16498K, capacity 17854K, committed 17920K, reserved 1048576K
}
Event: 30.681 GC heap before
{Heap before GC invocations=35 (full 0):
 garbage-first heap   total 428032K, used 340281K [0x0000000080000000, 0x0000000100000000)
  region size 1024K, 107 young (109568K), 14 survivors (14336K)
 Metaspace       used 127905K, capacity 131421K, committed 131660K, reserved 1163264K
  class space    used 16581K, capacity 17940K, committed 18048K, reserved 1048576K
}
Event: 30.699 GC heap after
{Heap after GC invocations=36 (full 0):
 garbage-first heap   total 428032K, used 248339K [0x0000000080000000, 0x0000000100000000)
  region size 1024K, 8 young (8192K), 8 survivors (8192K)
 Metaspace       used 127905K, capacity 131421K, committed 131660K, reserved 1163264K
  class space    used 16581K, capacity 17940K, committed 18048K, reserved 1048576K
}

