# JRE version: OpenJDK Runtime Environment (11.0.11+9) (build 11.0.11+9-b60-7590822)
# Java VM: OpenJDK 64-Bit Server VM (11.0.11+9-b60-7590822, mixed mode, tiered, compressed oops, g1 gc, windows-amd64)
Heap:
 garbage-first heap   total 196608K, used 109701K [0x0000000080000000, 0x0000000100000000)
  region size 1024K, 15 young (15360K), 6 survivors (6144K)
 Metaspace       used 113225K, capacity 116034K, committed 116172K, reserved 1150976K
  class space    used 14225K, capacity 15268K, committed 15308K, reserved 1048576K
GC Heap History (20 events):
Event: 2018.919 GC heap before
{Heap before GC invocations=20 (full 0):
 garbage-first heap   total 196608K, used 116268K [0x0000000080000000, 0x0000000100000000)
  region size 1024K, 30 young (30720K), 5 survivors (5120K)
 Metaspace       used 95191K, capacity 97705K, committed 97868K, reserved 1134592K
  class space    used 12140K, capacity 13116K, committed 13132K, reserved 1048576K
}
Event: 2018.934 GC heap after
{Heap after GC invocations=21 (full 0):
 garbage-first heap   total 196608K, used 95508K [0x0000000080000000, 0x0000000100000000)
  region size 1024K, 8 young (8192K), 8 survivors (8192K)
 Metaspace       used 95191K, capacity 97705K, committed 97868K, reserved 1134592K
  class space    used 12140K, capacity 13116K, committed 13132K, reserved 1048576K
}
Event: 2019.831 GC heap before
{Heap before GC invocations=22 (full 0):
 garbage-first heap   total 196608K, used 152852K [0x0000000080000000, 0x0000000100000000)
  region size 1024K, 62 young (63488K), 8 survivors (8192K)
 Metaspace       used 97787K, capacity 99918K, committed 100812K, reserved 1136640K
  class space    used 12354K, capacity 13183K, committed 13516K, reserved 1048576K
}
Event: 2019.851 GC heap after
{Heap after GC invocations=23 (full 0):
 garbage-first heap   total 196608K, used 114961K [0x0000000080000000, 0x0000000100000000)
  region size 1024K, 8 young (8192K), 8 survivors (8192K)
 Metaspace       used 97787K, capacity 99918K, committed 100812K, reserved 1136640K
  class space    used 12354K, capacity 13183K, committed 13516K, reserved 1048576K
}
Event: 2019.879 GC heap before
{Heap before GC invocations=23 (full 0):
 garbage-first heap   total 196608K, used 122129K [0x0000000080000000, 0x0000000100000000)
  region size 1024K, 9 young (9216K), 8 survivors (8192K)
 Metaspace       used 97787K, capacity 99918K, committed 100812K, reserved 1136640K
  class space    used 12354K, capacity 13183K, committed 13516K, reserved 1048576K
}
Event: 2019.894 GC heap after
{Heap after GC invocations=24 (full 0):
 garbage-first heap   total 196608K, used 110599K [0x0000000080000000, 0x0000000100000000)
  region size 1024K, 1 young (1024K), 1 survivors (1024K)
 Metaspace       used 97787K, capacity 99918K, committed 100812K, reserved 1136640K
  class space    used 12354K, capacity 13183K, committed 13516K, reserved 1048576K
}
Event: 2019.899 GC heap before
{Heap before GC invocations=24 (full 0):
 garbage-first heap   total 196608K, used 110599K [0x0000000080000000, 0x0000000100000000)
  region size 1024K, 2 young (2048K), 1 survivors (1024K)
 Metaspace       used 97787K, capacity 99918K, committed 100812K, reserved 1136640K
  class space    used 12354K, capacity 13183K, committed 13516K, reserved 1048576K
}
Event: 2019.905 GC heap after
{Heap after GC invocations=25 (full 0):
 garbage-first heap   total 196608K, used 110311K [0x0000000080000000, 0x0000000100000000)
  region size 1024K, 1 young (1024K), 1 survivors (1024K)
 Metaspace       used 97787K, capacity 99918K, committed 100812K, reserved 1136640K
  class space    used 12354K, capacity 13183K, committed 13516K, reserved 1048576K
}
Event: 2020.558 GC heap before
{Heap before GC invocations=26 (full 0):
 garbage-first heap   total 196608K, used 161511K [0x0000000080000000, 0x0000000100000000)
  region size 1024K, 44 young (45056K), 1 survivors (1024K)
 Metaspace       used 101331K, capacity 103541K, committed 104268K, reserved 1140736K
  class space    used 12751K, capacity 13594K, committed 13900K, reserved 1048576K
}
Event: 2020.563 GC heap after
{Heap after GC invocations=27 (full 0):
 garbage-first heap   total 196608K, used 113816K [0x0000000080000000, 0x0000000100000000)
  region size 1024K, 4 young (4096K), 4 survivors (4096K)
 Metaspace       used 101331K, capacity 103541K, committed 104268K, reserved 1140736K
  class space    used 12751K, capacity 13594K, committed 13900K, reserved 1048576K
}
Event: 2020.662 GC heap before
{Heap before GC invocations=27 (full 0):
 garbage-first heap   total 196608K, used 117912K [0x0000000080000000, 0x0000000100000000)
  region size 1024K, 9 young (9216K), 4 survivors (4096K)
 Metaspace       used 101736K, capacity 104004K, committed 104780K, reserved 1140736K
  class space    used 12809K, capacity 13663K, committed 13900K, reserved 1048576K
}
Event: 2020.671 GC heap after
{Heap after GC invocations=28 (full 0):
 garbage-first heap   total 196608K, used 112248K [0x0000000080000000, 0x0000000100000000)
  region size 1024K, 1 young (1024K), 1 survivors (1024K)
 Metaspace       used 101736K, capacity 104004K, committed 104780K, reserved 1140736K
  class space    used 12809K, capacity 13663K, committed 13900K, reserved 1048576K
}
Event: 2022.672 GC heap before
{Heap before GC invocations=28 (full 0):
 garbage-first heap   total 196608K, used 156280K [0x0000000080000000, 0x0000000100000000)
  region size 1024K, 45 young (46080K), 1 survivors (1024K)
 Metaspace       used 103362K, capacity 105695K, committed 106188K, reserved 1140736K
  class space    used 12962K, capacity 13829K, committed 14028K, reserved 1048576K
}
Event: 2022.679 GC heap after
{Heap after GC invocations=29 (full 0):
 garbage-first heap   total 196608K, used 114605K [0x0000000080000000, 0x0000000100000000)
  region size 1024K, 3 young (3072K), 3 survivors (3072K)
 Metaspace       used 103362K, capacity 105695K, committed 106188K, reserved 1140736K
  class space    used 12962K, capacity 13829K, committed 14028K, reserved 1048576K
}
Event: 2026.560 GC heap before
{Heap before GC invocations=30 (full 0):
 garbage-first heap   total 196608K, used 145325K [0x0000000080000000, 0x0000000100000000)
  region size 1024K, 47 young (48128K), 3 survivors (3072K)
 Metaspace       used 105987K, capacity 108481K, committed 108748K, reserved 1144832K
  class space    used 13313K, capacity 14241K, committed 14284K, reserved 1048576K
}
Event: 2026.572 GC heap after
{Heap after GC invocations=31 (full 0):
 garbage-first heap   total 196608K, used 103492K [0x0000000080000000, 0x0000000100000000)
  region size 1024K, 6 young (6144K), 6 survivors (6144K)
 Metaspace       used 105987K, capacity 108481K, committed 108748K, reserved 1144832K
  class space    used 13313K, capacity 14241K, committed 14284K, reserved 1048576K
}
Event: 2026.755 GC heap before
{Heap before GC invocations=31 (full 0):
 garbage-first heap   total 196608K, used 106564K [0x0000000080000000, 0x0000000100000000)
  region size 1024K, 9 young (9216K), 6 survivors (6144K)
 Metaspace       used 106054K, capacity 108547K, committed 108748K, reserved 1144832K
  class space    used 13318K, capacity 14242K, committed 14284K, reserved 1048576K
}
Event: 2026.777 GC heap after
{Heap after GC invocations=32 (full 0):
 garbage-first heap   total 196608K, used 94901K [0x0000000080000000, 0x0000000100000000)
  region size 1024K, 1 young (1024K), 1 survivors (1024K)
 Metaspace       used 106054K, capacity 108547K, committed 108748K, reserved 1144832K
  class space    used 13318K, capacity 14242K, committed 14284K, reserved 1048576K
}
Event: 2028.055 GC heap before
{Heap before GC invocations=32 (full 0):
 garbage-first heap   total 196608K, used 148149K [0x0000000080000000, 0x0000000100000000)
  region size 1024K, 53 young (54272K), 1 survivors (1024K)
 Metaspace       used 112782K, capacity 115528K, committed 115660K, reserved 1148928K
  class space    used 14190K, capacity 15227K, committed 15308K, reserved 1048576K
}
Event: 2028.079 GC heap after
{Heap after GC invocations=33 (full 0):
 garbage-first heap   total 196608K, used 99461K [0x0000000080000000, 0x0000000100000000)
  region size 1024K, 6 young (6144K), 6 survivors (6144K)
 Metaspace       used 112782K, capacity 115528K, committed 115660K, reserved 1148928K
  class space    used 14190K, capacity 15227K, committed 15308K, reserved 1048576K
}

