# JRE version: OpenJDK Runtime Environment (11.0.11+9) (build 11.0.11+9-b60-7590822)
# Java VM: OpenJDK 64-Bit Server VM (11.0.11+9-b60-7590822, mixed mode, tiered, compressed oops, g1 gc, windows-amd64)
Heap:
 garbage-first heap   total 236544K, used 140259K [0x0000000080000000, 0x0000000100000000)
  region size 1024K, 31 young (31744K), 7 survivors (7168K)
 Metaspace       used 117988K, capacity 121128K, committed 121804K, reserved 1155072K
  class space    used 15325K, capacity 16561K, committed 16896K, reserved 1048576K
GC Heap History (20 events):
Event: 17.129 GC heap before
{Heap before GC invocations=17 (full 0):
 garbage-first heap   total 196608K, used 121122K [0x0000000080000000, 0x0000000100000000)
  region size 1024K, 44 young (45056K), 10 survivors (10240K)
 Metaspace       used 98357K, capacity 100709K, committed 100820K, reserved 1136640K
  class space    used 12711K, capacity 13611K, committed 13696K, reserved 1048576K
}
Event: 17.156 GC heap after
{Heap after GC invocations=18 (full 0):
 garbage-first heap   total 196608K, used 93859K [0x0000000080000000, 0x0000000100000000)
  region size 1024K, 11 young (11264K), 11 survivors (11264K)
 Metaspace       used 98357K, capacity 100709K, committed 100820K, reserved 1136640K
  class space    used 12711K, capacity 13611K, committed 13696K, reserved 1048576K
}
Event: 17.932 GC heap before
{Heap before GC invocations=19 (full 0):
 garbage-first heap   total 196608K, used 156323K [0x0000000080000000, 0x0000000100000000)
  region size 1024K, 73 young (74752K), 11 survivors (11264K)
 Metaspace       used 99996K, capacity 102318K, committed 102604K, reserved 1138688K
  class space    used 12899K, capacity 13776K, committed 13824K, reserved 1048576K
}
Event: 17.951 GC heap after
{Heap after GC invocations=20 (full 0):
 garbage-first heap   total 196608K, used 94563K [0x0000000080000000, 0x0000000100000000)
  region size 1024K, 7 young (7168K), 7 survivors (7168K)
 Metaspace       used 99996K, capacity 102318K, committed 102604K, reserved 1138688K
  class space    used 12899K, capacity 13776K, committed 13824K, reserved 1048576K
}
Event: 18.219 GC heap before
{Heap before GC invocations=21 (full 0):
 garbage-first heap   total 196608K, used 109923K [0x0000000080000000, 0x0000000100000000)
  region size 1024K, 23 young (23552K), 7 survivors (7168K)
 Metaspace       used 100187K, capacity 102536K, committed 102604K, reserved 1138688K
  class space    used 12924K, capacity 13782K, committed 13824K, reserved 1048576K
}
Event: 18.226 GC heap after
{Heap after GC invocations=22 (full 0):
 garbage-first heap   total 196608K, used 94861K [0x0000000080000000, 0x0000000100000000)
  region size 1024K, 2 young (2048K), 2 survivors (2048K)
 Metaspace       used 100187K, capacity 102536K, committed 102604K, reserved 1138688K
  class space    used 12924K, capacity 13782K, committed 13824K, reserved 1048576K
}
Event: 19.116 GC heap before
{Heap before GC invocations=23 (full 0):
 garbage-first heap   total 196608K, used 159373K [0x0000000080000000, 0x0000000100000000)
  region size 1024K, 66 young (67584K), 2 survivors (2048K)
 Metaspace       used 109163K, capacity 112119K, committed 112332K, reserved 1146880K
  class space    used 14389K, capacity 15601K, committed 15616K, reserved 1048576K
}
Event: 19.127 GC heap after
{Heap after GC invocations=24 (full 0):
 garbage-first heap   total 196608K, used 101903K [0x0000000080000000, 0x0000000100000000)
  region size 1024K, 9 young (9216K), 9 survivors (9216K)
 Metaspace       used 109163K, capacity 112119K, committed 112332K, reserved 1146880K
  class space    used 14389K, capacity 15601K, committed 15616K, reserved 1048576K
}
Event: 19.587 GC heap before
{Heap before GC invocations=24 (full 0):
 garbage-first heap   total 196608K, used 142863K [0x0000000080000000, 0x0000000100000000)
  region size 1024K, 51 young (52224K), 9 survivors (9216K)
 Metaspace       used 112613K, capacity 115844K, committed 116044K, reserved 1148928K
  class space    used 14848K, capacity 16197K, committed 16256K, reserved 1048576K
}
Event: 19.606 GC heap after
{Heap after GC invocations=25 (full 0):
 garbage-first heap   total 196608K, used 104105K [0x0000000080000000, 0x0000000100000000)
  region size 1024K, 4 young (4096K), 4 survivors (4096K)
 Metaspace       used 112613K, capacity 115844K, committed 116044K, reserved 1148928K
  class space    used 14848K, capacity 16197K, committed 16256K, reserved 1048576K
}
Event: 20.307 GC heap before
{Heap before GC invocations=26 (full 0):
 garbage-first heap   total 196608K, used 145065K [0x0000000080000000, 0x0000000100000000)
  region size 1024K, 45 young (46080K), 4 survivors (4096K)
 Metaspace       used 114372K, capacity 117803K, committed 117964K, reserved 1150976K
  class space    used 15171K, capacity 16570K, committed 16640K, reserved 1048576K
}
Event: 20.341 GC heap after
{Heap after GC invocations=27 (full 0):
 garbage-first heap   total 196608K, used 108445K [0x0000000080000000, 0x0000000100000000)
  region size 1024K, 7 young (7168K), 7 survivors (7168K)
 Metaspace       used 114372K, capacity 117803K, committed 117964K, reserved 1150976K
  class space    used 15171K, capacity 16570K, committed 16640K, reserved 1048576K
}
Event: 21.095 GC heap before
{Heap before GC invocations=28 (full 0):
 garbage-first heap   total 196608K, used 143261K [0x0000000080000000, 0x0000000100000000)
  region size 1024K, 42 young (43008K), 7 survivors (7168K)
 Metaspace       used 115670K, capacity 118752K, committed 119628K, reserved 1153024K
  class space    used 15165K, capacity 16385K, committed 16768K, reserved 1048576K
}
Event: 21.105 GC heap after
{Heap after GC invocations=29 (full 0):
 garbage-first heap   total 236544K, used 108685K [0x0000000080000000, 0x0000000100000000)
  region size 1024K, 4 young (4096K), 4 survivors (4096K)
 Metaspace       used 115670K, capacity 118752K, committed 119628K, reserved 1153024K
  class space    used 15165K, capacity 16385K, committed 16768K, reserved 1048576K
}
Event: 39.518 GC heap before
{Heap before GC invocations=30 (full 0):
 garbage-first heap   total 236544K, used 175374K [0x0000000080000000, 0x0000000100000000)
  region size 1024K, 62 young (63488K), 4 survivors (4096K)
 Metaspace       used 117373K, capacity 120498K, committed 121292K, reserved 1153024K
  class space    used 15317K, capacity 16548K, committed 16896K, reserved 1048576K
}
Event: 39.527 GC heap after
{Heap after GC invocations=31 (full 0):
 garbage-first heap   total 236544K, used 112721K [0x0000000080000000, 0x0000000100000000)
  region size 1024K, 8 young (8192K), 8 survivors (8192K)
 Metaspace       used 117373K, capacity 120498K, committed 121292K, reserved 1153024K
  class space    used 15317K, capacity 16548K, committed 16896K, reserved 1048576K
}
Event: 39.558 GC heap before
{Heap before GC invocations=31 (full 0):
 garbage-first heap   total 236544K, used 114769K [0x0000000080000000, 0x0000000100000000)
  region size 1024K, 11 young (11264K), 8 survivors (8192K)
 Metaspace       used 117375K, capacity 120501K, committed 121292K, reserved 1153024K
  class space    used 15317K, capacity 16549K, committed 16896K, reserved 1048576K
}
Event: 39.570 GC heap after
{Heap after GC invocations=32 (full 0):
 garbage-first heap   total 236544K, used 111585K [0x0000000080000000, 0x0000000100000000)
  region size 1024K, 1 young (1024K), 1 survivors (1024K)
 Metaspace       used 117375K, capacity 120501K, committed 121292K, reserved 1153024K
  class space    used 15317K, capacity 16549K, committed 16896K, reserved 1048576K
}
Event: 48.201 GC heap before
{Heap before GC invocations=32 (full 0):
 garbage-first heap   total 236544K, used 170977K [0x0000000080000000, 0x0000000100000000)
  region size 1024K, 60 young (61440K), 1 survivors (1024K)
 Metaspace       used 117878K, capacity 121107K, committed 121548K, reserved 1155072K
  class space    used 15337K, capacity 16582K, committed 16896K, reserved 1048576K
}
Event: 48.219 GC heap after
{Heap after GC invocations=33 (full 0):
 garbage-first heap   total 236544K, used 117731K [0x0000000080000000, 0x0000000100000000)
  region size 1024K, 7 young (7168K), 7 survivors (7168K)
 Metaspace       used 117878K, capacity 121107K, committed 121548K, reserved 1155072K
  class space    used 15337K, capacity 16582K, committed 16896K, reserved 1048576K
}

