# JRE version: OpenJDK Runtime Environment (11.0.11+9) (build 11.0.11+9-b60-7590822)
# Java VM: OpenJDK 64-Bit Server VM (11.0.11+9-b60-7590822, mixed mode, tiered, compressed oops, g1 gc, windows-amd64)
Heap:
 garbage-first heap   total 446464K, used 277607K [0x0000000080000000, 0x0000000100000000)
  region size 1024K, 18 young (18432K), 2 survivors (2048K)
 Metaspace       used 140840K, capacity 144708K, committed 145496K, reserved 1175552K
  class space    used 17656K, capacity 19159K, committed 19544K, reserved 1048576K
GC Heap History (20 events):
Event: 1140.333 GC heap before
{Heap before GC invocations=39 (full 0):
 garbage-first heap   total 284672K, used 227253K [0x0000000080000000, 0x0000000100000000)
  region size 1024K, 73 young (74752K), 2 survivors (2048K)
 Metaspace       used 134638K, capacity 138327K, committed 138712K, reserved 1169408K
  class space    used 17097K, capacity 18508K, committed 18648K, reserved 1048576K
}
Event: 1140.346 GC heap after
{Heap after GC invocations=40 (full 0):
 garbage-first heap   total 342016K, used 161200K [0x0000000080000000, 0x0000000100000000)
  region size 1024K, 8 young (8192K), 8 survivors (8192K)
 Metaspace       used 134638K, capacity 138327K, committed 138712K, reserved 1169408K
  class space    used 17097K, capacity 18508K, committed 18648K, reserved 1048576K
}
Event: 1141.276 GC heap before
{Heap before GC invocations=40 (full 0):
 garbage-first heap   total 342016K, used 255408K [0x0000000080000000, 0x0000000100000000)
  region size 1024K, 101 young (103424K), 8 survivors (8192K)
 Metaspace       used 137077K, capacity 140952K, committed 141016K, reserved 1171456K
  class space    used 17389K, capacity 18866K, committed 18904K, reserved 1048576K
}
Event: 1141.284 GC heap after
{Heap after GC invocations=41 (full 0):
 garbage-first heap   total 342016K, used 161206K [0x0000000080000000, 0x0000000100000000)
  region size 1024K, 2 young (2048K), 2 survivors (2048K)
 Metaspace       used 137077K, capacity 140952K, committed 141016K, reserved 1171456K
  class space    used 17389K, capacity 18866K, committed 18904K, reserved 1048576K
}
Event: 1142.529 GC heap before
{Heap before GC invocations=41 (full 0):
 garbage-first heap   total 342016K, used 261558K [0x0000000080000000, 0x0000000100000000)
  region size 1024K, 100 young (102400K), 2 survivors (2048K)
 Metaspace       used 137636K, capacity 141554K, committed 141784K, reserved 1171456K
  class space    used 17404K, capacity 18887K, committed 18904K, reserved 1048576K
}
Event: 1142.536 GC heap after
{Heap after GC invocations=42 (full 0):
 garbage-first heap   total 342016K, used 160803K [0x0000000080000000, 0x0000000100000000)
  region size 1024K, 2 young (2048K), 2 survivors (2048K)
 Metaspace       used 137636K, capacity 141554K, committed 141784K, reserved 1171456K
  class space    used 17404K, capacity 18887K, committed 18904K, reserved 1048576K
}
Event: 1143.726 GC heap before
{Heap before GC invocations=42 (full 0):
 garbage-first heap   total 342016K, used 265251K [0x0000000080000000, 0x0000000100000000)
  region size 1024K, 105 young (107520K), 2 survivors (2048K)
 Metaspace       used 138082K, capacity 142056K, committed 142168K, reserved 1173504K
  class space    used 17422K, capacity 18922K, committed 19032K, reserved 1048576K
}
Event: 1143.739 GC heap after
{Heap after GC invocations=43 (full 0):
 garbage-first heap   total 342016K, used 163940K [0x0000000080000000, 0x0000000100000000)
  region size 1024K, 5 young (5120K), 5 survivors (5120K)
 Metaspace       used 138082K, capacity 142056K, committed 142168K, reserved 1173504K
  class space    used 17422K, capacity 18922K, committed 19032K, reserved 1048576K
}
Event: 1144.770 GC heap before
{Heap before GC invocations=43 (full 0):
 garbage-first heap   total 342016K, used 302180K [0x0000000080000000, 0x0000000100000000)
  region size 1024K, 110 young (112640K), 5 survivors (5120K)
 Metaspace       used 139895K, capacity 143861K, committed 144088K, reserved 1173504K
  class space    used 17617K, capacity 19111K, committed 19160K, reserved 1048576K
}
Event: 1144.799 GC heap after
{Heap after GC invocations=44 (full 0):
 garbage-first heap   total 342016K, used 197310K [0x0000000080000000, 0x0000000100000000)
  region size 1024K, 14 young (14336K), 14 survivors (14336K)
 Metaspace       used 139895K, capacity 143861K, committed 144088K, reserved 1173504K
  class space    used 17617K, capacity 19111K, committed 19160K, reserved 1048576K
}
Event: 1146.043 GC heap before
{Heap before GC invocations=44 (full 0):
 garbage-first heap   total 342016K, used 280254K [0x0000000080000000, 0x0000000100000000)
  region size 1024K, 94 young (96256K), 14 survivors (14336K)
 Metaspace       used 140801K, capacity 144828K, committed 144984K, reserved 1175552K
  class space    used 17734K, capacity 19260K, committed 19288K, reserved 1048576K
}
Event: 1146.111 GC heap after
{Heap after GC invocations=45 (full 0):
 garbage-first heap   total 342016K, used 233063K [0x0000000080000000, 0x0000000100000000)
  region size 1024K, 12 young (12288K), 12 survivors (12288K)
 Metaspace       used 140801K, capacity 144828K, committed 144984K, reserved 1175552K
  class space    used 17734K, capacity 19260K, committed 19288K, reserved 1048576K
}
Event: 1146.486 GC heap before
{Heap before GC invocations=45 (full 0):
 garbage-first heap   total 342016K, used 274023K [0x0000000080000000, 0x0000000100000000)
  region size 1024K, 53 young (54272K), 12 survivors (12288K)
 Metaspace       used 140808K, capacity 144828K, committed 144984K, reserved 1175552K
  class space    used 17734K, capacity 19260K, committed 19288K, reserved 1048576K
}
Event: 1146.539 GC heap after
{Heap after GC invocations=46 (full 0):
 garbage-first heap   total 342016K, used 255488K [0x0000000080000000, 0x0000000100000000)
  region size 1024K, 7 young (7168K), 7 survivors (7168K)
 Metaspace       used 140808K, capacity 144828K, committed 144984K, reserved 1175552K
  class space    used 17734K, capacity 19260K, committed 19288K, reserved 1048576K
}
Event: 1146.912 GC heap before
{Heap before GC invocations=46 (full 0):
 garbage-first heap   total 342016K, used 281088K [0x0000000080000000, 0x0000000100000000)
  region size 1024K, 33 young (33792K), 7 survivors (7168K)
 Metaspace       used 140941K, capacity 144921K, committed 144984K, reserved 1175552K
  class space    used 17743K, capacity 19265K, committed 19288K, reserved 1048576K
}
Event: 1146.931 GC heap after
{Heap after GC invocations=47 (full 0):
 garbage-first heap   total 342016K, used 263168K [0x0000000080000000, 0x0000000100000000)
  region size 1024K, 5 young (5120K), 5 survivors (5120K)
 Metaspace       used 140941K, capacity 144921K, committed 144984K, reserved 1175552K
  class space    used 17743K, capacity 19265K, committed 19288K, reserved 1048576K
}
Event: 1147.462 GC heap before
{Heap before GC invocations=48 (full 0):
 garbage-first heap   total 342016K, used 285696K [0x0000000080000000, 0x0000000100000000)
  region size 1024K, 28 young (28672K), 5 survivors (5120K)
 Metaspace       used 140763K, capacity 144588K, committed 145368K, reserved 1175552K
  class space    used 17652K, capacity 19122K, committed 19416K, reserved 1048576K
}
Event: 1147.487 GC heap after
{Heap after GC invocations=49 (full 0):
 garbage-first heap   total 342016K, used 266986K [0x0000000080000000, 0x0000000100000000)
  region size 1024K, 3 young (3072K), 3 survivors (3072K)
 Metaspace       used 140763K, capacity 144588K, committed 145368K, reserved 1175552K
  class space    used 17652K, capacity 19122K, committed 19416K, reserved 1048576K
}
Event: 1147.640 GC heap before
{Heap before GC invocations=49 (full 0):
 garbage-first heap   total 342016K, used 280298K [0x0000000080000000, 0x0000000100000000)
  region size 1024K, 16 young (16384K), 3 survivors (3072K)
 Metaspace       used 140769K, capacity 144589K, committed 145368K, reserved 1175552K
  class space    used 17652K, capacity 19122K, committed 19416K, reserved 1048576K
}
Event: 1147.680 GC heap after
{Heap after GC invocations=50 (full 0):
 garbage-first heap   total 446464K, used 262247K [0x0000000080000000, 0x0000000100000000)
  region size 1024K, 2 young (2048K), 2 survivors (2048K)
 Metaspace       used 140769K, capacity 144589K, committed 145368K, reserved 1175552K
  class space    used 17652K, capacity 19122K, committed 19416K, reserved 1048576K
}

